{"numFailedTestSuites":0,"numFailedTests":0,"numPassedTestSuites":1,"numPassedTests":16,"numPendingTestSuites":0,"numPendingTests":0,"numRuntimeErrorTestSuites":0,"numTodoTests":0,"numTotalTestSuites":1,"numTotalTests":16,"openHandles":[],"snapshot":{"added":0,"didUpdate":false,"failure":false,"filesAdded":0,"filesRemoved":0,"filesRemovedList":[],"filesUnmatched":0,"filesUpdated":0,"matched":0,"total":0,"unchecked":0,"uncheckedKeysByFile":[],"unmatched":0,"updated":0},"startTime":1788219667847,"success":true,"testResults":[{"assertionResults":[{"ancestorTitles":["E2E Integration Test Suite","Inventory Endpoints"],"duration":7535,"failureDetails":[],"failureMessages":[],"fullName":"E2E Integration Test Suite Inventory Endpoints should receive stock via POST /api/inventory/receive","invocations":1,"location":null,"numPassingAsserts":3,"retryReasons":[],"status":"passed","title":"should receive stock via POST /api/inventory/receive"},{"ancestorTitles":["E2E Integration Test Suite","Inventory Endpoints"],"duration":4000,"failureDetails":[],"failureMessages":[],"fullName":"E2E Integration Test Suite Inventory Endpoints should dispatch stock via POST /api/inventory/dispatch","invocations":1,"location":null,"numPassingAsserts":3,"retryReasons":[],"status":"passed","title":"should dispatch stock via POST /api/inventory/dispatch"},{"ancestorTitles":["E2E Integration Test Suite","Inventory Endpoints"],"duration":5361,"failureDetails":[],"failureMessages":[],"fullName":"E2E Integration Test Suite Inventory Endpoints should get current stock level via GET /api/inventory/:sku","invocations":1,"location":null,"numPassingAsserts":2,"retryReasons":[],"status":"passed","title":"should get current stock level via GET /api/inventory/:sku"},{"ancestorTitles":["E2E Integration Test Suite","Inventory Endpoints"],"duration":1130,"failureDetails":[],"failureMessages":[],"fullName":"E2E Integration Test Suite Inventory Endpoints should perform full physical counts via POST /api/inventory/count","invocations":1,"location":null,"numPassingAsserts":4,"retryReasons":[],"status":"passed","title":"should perform full physical counts via POST /api/inventory/count"},{"ancestorTitles":["E2E Integration Test Suite","Onboarding Endpoints"],"duration":2768,"failureDetails":[],"failureMessages":[],"fullName":"E2E Integration Test Suite Onboarding Endpoints should submit stock onboarding via POST /api/onboarding/submit","invocations":1,"location":null,"numPassingAsserts":3,"retryReasons":[],"status":"passed","title":"should submit stock onboarding via POST /api/onboarding/submit"},{"ancestorTitles":["E2E Integration Test Suite","Shopify Webhook Endpoints"],"duration":1397,"failureDetails":[],"failureMessages":[],"fullName":"E2E Integration Test Suite Shopify Webhook Endpoints should process Shopify webhooks with valid HMAC signature","invocations":1,"location":null,"numPassingAsserts":3,"retryReasons":[],"status":"passed","title":"should process Shopify webhooks with valid HMAC signature"},{"ancestorTitles":["E2E Integration Test Suite","Shopify Webhook Endpoints"],"duration":379,"failureDetails":[],"failureMessages":[],"fullName":"E2E Integration Test Suite Shopify Webhook Endpoints should ignore duplicate Shopify webhooks with the same X-Shopify-Webhook-Id","invocations":1,"location":null,"numPassingAsserts":6,"retryReasons":[],"status":"passed","title":"should ignore duplicate Shopify webhooks with the same X-Shopify-Webhook-Id"},{"ancestorTitles":["E2E Integration Test Suite","Shopify Webhook Endpoints"],"duration":310,"failureDetails":[],"failureMessages":[],"fullName":"E2E Integration Test Suite Shopify Webhook Endpoints should reject Shopify webhooks with missing X-Shopify-Webhook-Id header","invocations":1,"location":null,"numPassingAsserts":2,"retryReasons":[],"status":"passed","title":"should reject Shopify webhooks with missing X-Shopify-Webhook-Id header"},{"ancestorTitles":["E2E Integration Test Suite","Shopify Webhook Endpoints"],"duration":450,"failureDetails":[],"failureMessages":[],"fullName":"E2E Integration Test Suite Shopify Webhook Endpoints should reject Shopify webhooks with invalid HMAC signature","invocations":1,"location":null,"numPassingAsserts":2,"retryReasons":[],"status":"passed","title":"should reject Shopify webhooks with invalid HMAC signature"},{"ancestorTitles":["E2E Integration Test Suite","Barcode Endpoints"],"duration":149,"failureDetails":[],"failureMessages":[],"fullName":"E2E Integration Test Suite Barcode Endpoints should assign and scan barcodes","invocations":1,"location":null,"numPassingAsserts":4,"retryReasons":[],"status":"passed","title":"should assign and scan barcodes"},{"ancestorTitles":["E2E Integration Test Suite","Barcode Endpoints"],"duration":2828,"failureDetails":[],"failureMessages":[],"fullName":"E2E Integration Test Suite Barcode Endpoints should generate Code 128 barcode","invocations":1,"location":null,"numPassingAsserts":2,"retryReasons":[],"status":"passed","title":"should generate Code 128 barcode"},{"ancestorTitles":["E2E Integration Test Suite","Serial Endpoints"],"duration":6473,"failureDetails":[],"failureMessages":[],"fullName":"E2E Integration Test Suite Serial Endpoints should register, receive, sell and fetch timeline history","invocations":1,"location":null,"numPassingAsserts":10,"retryReasons":[],"status":"passed","title":"should register, receive, sell and fetch timeline history"},{"ancestorTitles":["E2E Integration Test Suite","Kit Endpoints"],"duration":5722,"failureDetails":[],"failureMessages":[],"fullName":"E2E Integration Test Suite Kit Endpoints should create kit formulas and atomically dispatch kit sales","invocations":1,"location":null,"numPassingAsserts":4,"retryReasons":[],"status":"passed","title":"should create kit formulas and atomically dispatch kit sales"},{"ancestorTitles":["E2E Integration Test Suite","Kit Endpoints"],"duration":11810,"failureDetails":[],"failureMessages":[],"fullName":"E2E Integration Test Suite Kit Endpoints should assemble and disassemble kits, recording costing layers and journal entries, and enforce RBAC","invocations":1,"location":null,"numPassingAsserts":27,"retryReasons":[],"status":"passed","title":"should assemble and disassemble kits, recording costing layers and journal entries, and enforce RBAC"},{"ancestorTitles":["E2E Integration Test Suite","Accounting Endpoints"],"duration":2958,"failureDetails":[],"failureMessages":[],"fullName":"E2E Integration Test Suite Accounting Endpoints should log stock receipts, sales, and report ledger audits","invocations":1,"location":null,"numPassingAsserts":9,"retryReasons":[],"status":"passed","title":"should log stock receipts, sales, and report ledger audits"},{"ancestorTitles":["E2E Integration Test Suite","Accounting Endpoints"],"duration":2099,"failureDetails":[],"failureMessages":[],"fullName":"E2E Integration Test Suite Accounting Endpoints should get and set tenant configurations dynamically","invocations":1,"location":null,"numPassingAsserts":7,"retryReasons":[],"status":"passed","title":"should get and set tenant configurations dynamically"}],"endTime":1788219901832,"message":"","name":"C:\\Users\\johns\\DEV\\inventory\\js-ddd-inventory\\tests\\infrastructure\\http\\E2E.test.ts","startTime":1788219679920,"status":"passed","summary":""}],"wasInterrupted":false}
